i:\hellogl\hellogl\debug\vc142.pdb
i:\hellogl\hellogl\debug\vc142.idb
i:\hellogl\hellogl\debug\main.obj
i:\hellogl\hellogl\debug\texture2d.obj
i:\hellogl\hellogl\debug\sceneobject.obj
i:\hellogl\hellogl\debug\meshloader.obj
i:\hellogl\hellogl\debug\hellogl.obj
i:\hellogl\hellogl\debug\glutcallbacks.obj
i:\hellogl\hellogl\debug\cube.obj
c:\users\tiger\onedrive\desktop\hellogl (week 5)\hellogl\debug\vc142.pdb
c:\users\tiger\onedrive\desktop\hellogl (week 5)\hellogl\debug\vc142.idb
c:\users\tiger\onedrive\desktop\hellogl (week 5)\hellogl\debug\texture2d.obj
c:\users\tiger\onedrive\desktop\hellogl (week 5)\hellogl\debug\sceneobject.obj
c:\users\tiger\onedrive\desktop\hellogl (week 5)\hellogl\debug\meshloader.obj
c:\users\tiger\onedrive\desktop\hellogl (week 5)\hellogl\debug\main.obj
c:\users\tiger\onedrive\desktop\hellogl (week 5)\hellogl\debug\hellogl.obj
c:\users\tiger\onedrive\desktop\hellogl (week 5)\hellogl\debug\glutcallbacks.obj
c:\users\tiger\onedrive\desktop\hellogl (week 5)\hellogl\debug\cube.obj
c:\users\tiger\onedrive\desktop\hellogl\hellogl\debug\vc142.pdb
c:\users\tiger\onedrive\desktop\hellogl\hellogl\debug\vc142.idb
c:\users\tiger\onedrive\desktop\hellogl\hellogl\debug\texture2d.obj
c:\users\tiger\onedrive\desktop\hellogl\hellogl\debug\sceneobject.obj
c:\users\tiger\onedrive\desktop\hellogl\hellogl\debug\main.obj
c:\users\tiger\onedrive\desktop\hellogl\hellogl\debug\hellogl.obj
c:\users\tiger\onedrive\desktop\hellogl\hellogl\debug\glutcallbacks.obj
c:\users\tiger\onedrive\desktop\hellogl\hellogl\debug\cube.obj
c:\users\tiger\onedrive\desktop\hellogl\hellogl\debug\meshloader.obj
i:\hellogl\debug\hellogl.exe
i:\hellogl\debug\hellogl.ilk
i:\hellogl\debug\hellogl.pdb
c:\users\tiger\onedrive\desktop\hellogl (week 5)\debug\hellogl.exe
c:\users\tiger\onedrive\desktop\hellogl (week 5)\debug\hellogl.ilk
c:\users\tiger\onedrive\desktop\hellogl (week 5)\debug\hellogl.pdb
c:\users\tiger\onedrive\desktop\hellogl\debug\hellogl.exe
c:\users\tiger\onedrive\desktop\hellogl\debug\hellogl.ilk
c:\users\tiger\onedrive\desktop\hellogl\debug\hellogl.pdb
c:\users\tiger\onedrive\desktop\hellogl\hellogl\debug\cube.obj.enc
c:\users\tiger\onedrive\desktop\hellogl\hellogl\debug\hellogl.tlog\cl.command.1.tlog
c:\users\tiger\onedrive\desktop\hellogl\hellogl\debug\hellogl.tlog\cl.read.1.tlog
c:\users\tiger\onedrive\desktop\hellogl\hellogl\debug\hellogl.tlog\cl.write.1.tlog
c:\users\tiger\onedrive\desktop\hellogl\hellogl\debug\hellogl.tlog\link.command.1.tlog
c:\users\tiger\onedrive\desktop\hellogl\hellogl\debug\hellogl.tlog\link.read.1.tlog
c:\users\tiger\onedrive\desktop\hellogl\hellogl\debug\hellogl.tlog\link.write.1.tlog
